app/build/intermediates/manifest_merge_blame_file/debug/processDebugMainManifest/manifest-merger-blame-debug-report.txt
1<?xml version="1.0" encoding="utf-8"?>
2<manifest xmlns:android="http://schemas.android.com/apk/res/android"
3    package="com.sallie.app"
4    android:versionCode="1"
5    android:versionName="1.0" >
6
7    <uses-sdk
8        android:minSdkVersion="24"
9        android:targetSdkVersion="34" />
10
11    <permission
11-->[androidx.core:core:1.12.0] AndroidManifest.xml:22:5-24:47
12        android:name="com.sallie.app.DYNAMIC_RECEIVER_NOT_EXPORTED_PERMISSION"
12-->[androidx.core:core:1.12.0] AndroidManifest.xml:23:9-81
13        android:protectionLevel="signature" />
13-->[androidx.core:core:1.12.0] AndroidManifest.xml:24:9-44
14
15    <uses-permission android:name="com.sallie.app.DYNAMIC_RECEIVER_NOT_EXPORTED_PERMISSION" />
15-->[androidx.core:core:1.12.0] AndroidManifest.xml:26:5-97
15-->[androidx.core:core:1.12.0] AndroidManifest.xml:26:22-94
16
17    <application
17-->src\main\AndroidManifest.xml:3:5-363:19
18        android:allowBackup="true"
18-->src\main\AndroidManifest.xml:4:9-35
19        android:appComponentFactory="androidx.core.app.CoreComponentFactory"
19-->[androidx.core:core:1.12.0] AndroidManifest.xml:28:18-86
20        android:debuggable="true"
21        android:extractNativeLibs="false"
22        android:icon="@mipmap/ic_launcher"
22-->src\main\AndroidManifest.xml:5:9-43
23        android:label="@string/app_name"
23-->src\main\AndroidManifest.xml:6:9-41
24        android:roundIcon="@mipmap/ic_launcher_round"
24-->src\main\AndroidManifest.xml:7:9-54
25        android:supportsRtl="true"
25-->src\main\AndroidManifest.xml:8:9-35
26        android:theme="@style/Theme.App" >
26-->src\main\AndroidManifest.xml:9:9-41
27        <activity
27-->src\main\AndroidManifest.xml:10:9-17:20
28            android:name="com.sallie.app.MainActivity"
28-->src\main\AndroidManifest.xml:11:13-41
29            android:exported="true" >
29-->src\main\AndroidManifest.xml:12:13-36
30            <intent-filter>
30-->src\main\AndroidManifest.xml:13:13-16:29
31                <action android:name="android.intent.action.MAIN" />
31-->src\main\AndroidManifest.xml:14:17-69
31-->src\main\AndroidManifest.xml:14:25-66
32
33                <category android:name="android.intent.category.LAUNCHER" />
33-->src\main\AndroidManifest.xml:15:17-77
33-->src\main\AndroidManifest.xml:15:27-74
34            </intent-filter>
35        </activity>
36
37        <activity-alias
37-->src\main\AndroidManifest.xml:352:9-362:26
38            android:name="com.sallie.app.MainActivityAlias35"
38-->src\main\AndroidManifest.xml:353:13-48
39            android:enabled="false"
39-->src\main\AndroidManifest.xml:354:13-36
40            android:exported="true"
40-->src\main\AndroidManifest.xml:355:13-36
41            android:icon="@mipmap/ic_launcher35"
41-->src\main\AndroidManifest.xml:356:13-49
42            android:targetActivity="com.sallie.app.MainActivity" >
42-->src\main\AndroidManifest.xml:357:13-51
43            <intent-filter>
43-->src\main\AndroidManifest.xml:13:13-16:29
44                <action android:name="android.intent.action.MAIN" />
44-->src\main\AndroidManifest.xml:14:17-69
44-->src\main\AndroidManifest.xml:14:25-66
45
46                <category android:name="android.intent.category.LAUNCHER" />
46-->src\main\AndroidManifest.xml:15:17-77
46-->src\main\AndroidManifest.xml:15:27-74
47            </intent-filter>
48        </activity-alias>
49        <activity-alias
49-->src\main\AndroidManifest.xml:341:9-351:26
50            android:name="com.sallie.app.MainActivityAlias34"
50-->src\main\AndroidManifest.xml:342:13-48
51            android:enabled="false"
51-->src\main\AndroidManifest.xml:343:13-36
52            android:exported="true"
52-->src\main\AndroidManifest.xml:344:13-36
53            android:icon="@mipmap/ic_launcher34"
53-->src\main\AndroidManifest.xml:345:13-49
54            android:targetActivity="com.sallie.app.MainActivity" >
54-->src\main\AndroidManifest.xml:346:13-51
55            <intent-filter>
55-->src\main\AndroidManifest.xml:13:13-16:29
56                <action android:name="android.intent.action.MAIN" />
56-->src\main\AndroidManifest.xml:14:17-69
56-->src\main\AndroidManifest.xml:14:25-66
57
58                <category android:name="android.intent.category.LAUNCHER" />
58-->src\main\AndroidManifest.xml:15:17-77
58-->src\main\AndroidManifest.xml:15:27-74
59            </intent-filter>
60        </activity-alias>
61        <activity-alias
61-->src\main\AndroidManifest.xml:330:9-340:26
62            android:name="com.sallie.app.MainActivityAlias33"
62-->src\main\AndroidManifest.xml:331:13-48
63            android:enabled="false"
63-->src\main\AndroidManifest.xml:332:13-36
64            android:exported="true"
64-->src\main\AndroidManifest.xml:333:13-36
65            android:icon="@mipmap/ic_launcher33"
65-->src\main\AndroidManifest.xml:334:13-49
66            android:targetActivity="com.sallie.app.MainActivity" >
66-->src\main\AndroidManifest.xml:335:13-51
67            <intent-filter>
67-->src\main\AndroidManifest.xml:13:13-16:29
68                <action android:name="android.intent.action.MAIN" />
68-->src\main\AndroidManifest.xml:14:17-69
68-->src\main\AndroidManifest.xml:14:25-66
69
70                <category android:name="android.intent.category.LAUNCHER" />
70-->src\main\AndroidManifest.xml:15:17-77
70-->src\main\AndroidManifest.xml:15:27-74
71            </intent-filter>
72        </activity-alias>
73        <activity-alias
73-->src\main\AndroidManifest.xml:319:9-329:26
74            android:name="com.sallie.app.MainActivityAlias32"
74-->src\main\AndroidManifest.xml:320:13-48
75            android:enabled="false"
75-->src\main\AndroidManifest.xml:321:13-36
76            android:exported="true"
76-->src\main\AndroidManifest.xml:322:13-36
77            android:icon="@mipmap/ic_launcher32"
77-->src\main\AndroidManifest.xml:323:13-49
78            android:targetActivity="com.sallie.app.MainActivity" >
78-->src\main\AndroidManifest.xml:324:13-51
79            <intent-filter>
79-->src\main\AndroidManifest.xml:13:13-16:29
80                <action android:name="android.intent.action.MAIN" />
80-->src\main\AndroidManifest.xml:14:17-69
80-->src\main\AndroidManifest.xml:14:25-66
81
82                <category android:name="android.intent.category.LAUNCHER" />
82-->src\main\AndroidManifest.xml:15:17-77
82-->src\main\AndroidManifest.xml:15:27-74
83            </intent-filter>
84        </activity-alias>
85        <activity-alias
85-->src\main\AndroidManifest.xml:308:9-318:26
86            android:name="com.sallie.app.MainActivityAlias31"
86-->src\main\AndroidManifest.xml:309:13-48
87            android:enabled="false"
87-->src\main\AndroidManifest.xml:310:13-36
88            android:exported="true"
88-->src\main\AndroidManifest.xml:311:13-36
89            android:icon="@mipmap/ic_launcher31"
89-->src\main\AndroidManifest.xml:312:13-49
90            android:targetActivity="com.sallie.app.MainActivity" >
90-->src\main\AndroidManifest.xml:313:13-51
91            <intent-filter>
91-->src\main\AndroidManifest.xml:13:13-16:29
92                <action android:name="android.intent.action.MAIN" />
92-->src\main\AndroidManifest.xml:14:17-69
92-->src\main\AndroidManifest.xml:14:25-66
93
94                <category android:name="android.intent.category.LAUNCHER" />
94-->src\main\AndroidManifest.xml:15:17-77
94-->src\main\AndroidManifest.xml:15:27-74
95            </intent-filter>
96        </activity-alias>
97        <activity-alias
97-->src\main\AndroidManifest.xml:297:9-307:26
98            android:name="com.sallie.app.MainActivityAlias30"
98-->src\main\AndroidManifest.xml:298:13-48
99            android:enabled="false"
99-->src\main\AndroidManifest.xml:299:13-36
100            android:exported="true"
100-->src\main\AndroidManifest.xml:300:13-36
101            android:icon="@mipmap/ic_launcher30"
101-->src\main\AndroidManifest.xml:301:13-49
102            android:targetActivity="com.sallie.app.MainActivity" >
102-->src\main\AndroidManifest.xml:302:13-51
103            <intent-filter>
103-->src\main\AndroidManifest.xml:13:13-16:29
104                <action android:name="android.intent.action.MAIN" />
104-->src\main\AndroidManifest.xml:14:17-69
104-->src\main\AndroidManifest.xml:14:25-66
105
106                <category android:name="android.intent.category.LAUNCHER" />
106-->src\main\AndroidManifest.xml:15:17-77
106-->src\main\AndroidManifest.xml:15:27-74
107            </intent-filter>
108        </activity-alias>
109        <activity-alias
109-->src\main\AndroidManifest.xml:286:9-296:26
110            android:name="com.sallie.app.MainActivityAlias29"
110-->src\main\AndroidManifest.xml:287:13-48
111            android:enabled="false"
111-->src\main\AndroidManifest.xml:288:13-36
112            android:exported="true"
112-->src\main\AndroidManifest.xml:289:13-36
113            android:icon="@mipmap/ic_launcher29"
113-->src\main\AndroidManifest.xml:290:13-49
114            android:targetActivity="com.sallie.app.MainActivity" >
114-->src\main\AndroidManifest.xml:291:13-51
115            <intent-filter>
115-->src\main\AndroidManifest.xml:13:13-16:29
116                <action android:name="android.intent.action.MAIN" />
116-->src\main\AndroidManifest.xml:14:17-69
116-->src\main\AndroidManifest.xml:14:25-66
117
118                <category android:name="android.intent.category.LAUNCHER" />
118-->src\main\AndroidManifest.xml:15:17-77
118-->src\main\AndroidManifest.xml:15:27-74
119            </intent-filter>
120        </activity-alias>
121        <activity-alias
121-->src\main\AndroidManifest.xml:275:9-285:26
122            android:name="com.sallie.app.MainActivityAlias28"
122-->src\main\AndroidManifest.xml:276:13-48
123            android:enabled="false"
123-->src\main\AndroidManifest.xml:277:13-36
124            android:exported="true"
124-->src\main\AndroidManifest.xml:278:13-36
125            android:icon="@mipmap/ic_launcher28"
125-->src\main\AndroidManifest.xml:279:13-49
126            android:targetActivity="com.sallie.app.MainActivity" >
126-->src\main\AndroidManifest.xml:280:13-51
127            <intent-filter>
127-->src\main\AndroidManifest.xml:13:13-16:29
128                <action android:name="android.intent.action.MAIN" />
128-->src\main\AndroidManifest.xml:14:17-69
128-->src\main\AndroidManifest.xml:14:25-66
129
130                <category android:name="android.intent.category.LAUNCHER" />
130-->src\main\AndroidManifest.xml:15:17-77
130-->src\main\AndroidManifest.xml:15:27-74
131            </intent-filter>
132        </activity-alias>
133        <activity-alias
133-->src\main\AndroidManifest.xml:264:9-274:26
134            android:name="com.sallie.app.MainActivityAlias27"
134-->src\main\AndroidManifest.xml:265:13-48
135            android:enabled="false"
135-->src\main\AndroidManifest.xml:266:13-36
136            android:exported="true"
136-->src\main\AndroidManifest.xml:267:13-36
137            android:icon="@mipmap/ic_launcher27"
137-->src\main\AndroidManifest.xml:268:13-49
138            android:targetActivity="com.sallie.app.MainActivity" >
138-->src\main\AndroidManifest.xml:269:13-51
139            <intent-filter>
139-->src\main\AndroidManifest.xml:13:13-16:29
140                <action android:name="android.intent.action.MAIN" />
140-->src\main\AndroidManifest.xml:14:17-69
140-->src\main\AndroidManifest.xml:14:25-66
141
142                <category android:name="android.intent.category.LAUNCHER" />
142-->src\main\AndroidManifest.xml:15:17-77
142-->src\main\AndroidManifest.xml:15:27-74
143            </intent-filter>
144        </activity-alias>
145        <activity-alias
145-->src\main\AndroidManifest.xml:253:9-263:26
146            android:name="com.sallie.app.MainActivityAlias26"
146-->src\main\AndroidManifest.xml:254:13-48
147            android:enabled="false"
147-->src\main\AndroidManifest.xml:255:13-36
148            android:exported="true"
148-->src\main\AndroidManifest.xml:256:13-36
149            android:icon="@mipmap/ic_launcher26"
149-->src\main\AndroidManifest.xml:257:13-49
150            android:targetActivity="com.sallie.app.MainActivity" >
150-->src\main\AndroidManifest.xml:258:13-51
151            <intent-filter>
151-->src\main\AndroidManifest.xml:13:13-16:29
152                <action android:name="android.intent.action.MAIN" />
152-->src\main\AndroidManifest.xml:14:17-69
152-->src\main\AndroidManifest.xml:14:25-66
153
154                <category android:name="android.intent.category.LAUNCHER" />
154-->src\main\AndroidManifest.xml:15:17-77
154-->src\main\AndroidManifest.xml:15:27-74
155            </intent-filter>
156        </activity-alias>
157        <activity-alias
157-->src\main\AndroidManifest.xml:242:9-252:26
158            android:name="com.sallie.app.MainActivityAlias25"
158-->src\main\AndroidManifest.xml:243:13-48
159            android:enabled="false"
159-->src\main\AndroidManifest.xml:244:13-36
160            android:exported="true"
160-->src\main\AndroidManifest.xml:245:13-36
161            android:icon="@mipmap/ic_launcher25"
161-->src\main\AndroidManifest.xml:246:13-49
162            android:targetActivity="com.sallie.app.MainActivity" >
162-->src\main\AndroidManifest.xml:247:13-51
163            <intent-filter>
163-->src\main\AndroidManifest.xml:13:13-16:29
164                <action android:name="android.intent.action.MAIN" />
164-->src\main\AndroidManifest.xml:14:17-69
164-->src\main\AndroidManifest.xml:14:25-66
165
166                <category android:name="android.intent.category.LAUNCHER" />
166-->src\main\AndroidManifest.xml:15:17-77
166-->src\main\AndroidManifest.xml:15:27-74
167            </intent-filter>
168        </activity-alias>
169        <activity-alias
169-->src\main\AndroidManifest.xml:231:9-241:26
170            android:name="com.sallie.app.MainActivityAlias24"
170-->src\main\AndroidManifest.xml:232:13-48
171            android:enabled="false"
171-->src\main\AndroidManifest.xml:233:13-36
172            android:exported="true"
172-->src\main\AndroidManifest.xml:234:13-36
173            android:icon="@mipmap/ic_launcher24"
173-->src\main\AndroidManifest.xml:235:13-49
174            android:targetActivity="com.sallie.app.MainActivity" >
174-->src\main\AndroidManifest.xml:236:13-51
175            <intent-filter>
175-->src\main\AndroidManifest.xml:13:13-16:29
176                <action android:name="android.intent.action.MAIN" />
176-->src\main\AndroidManifest.xml:14:17-69
176-->src\main\AndroidManifest.xml:14:25-66
177
178                <category android:name="android.intent.category.LAUNCHER" />
178-->src\main\AndroidManifest.xml:15:17-77
178-->src\main\AndroidManifest.xml:15:27-74
179            </intent-filter>
180        </activity-alias>
181        <activity-alias
181-->src\main\AndroidManifest.xml:220:9-230:26
182            android:name="com.sallie.app.MainActivityAlias23"
182-->src\main\AndroidManifest.xml:221:13-48
183            android:enabled="false"
183-->src\main\AndroidManifest.xml:222:13-36
184            android:exported="true"
184-->src\main\AndroidManifest.xml:223:13-36
185            android:icon="@mipmap/ic_launcher23"
185-->src\main\AndroidManifest.xml:224:13-49
186            android:targetActivity="com.sallie.app.MainActivity" >
186-->src\main\AndroidManifest.xml:225:13-51
187            <intent-filter>
187-->src\main\AndroidManifest.xml:13:13-16:29
188                <action android:name="android.intent.action.MAIN" />
188-->src\main\AndroidManifest.xml:14:17-69
188-->src\main\AndroidManifest.xml:14:25-66
189
190                <category android:name="android.intent.category.LAUNCHER" />
190-->src\main\AndroidManifest.xml:15:17-77
190-->src\main\AndroidManifest.xml:15:27-74
191            </intent-filter>
192        </activity-alias>
193        <activity-alias
193-->src\main\AndroidManifest.xml:209:9-219:26
194            android:name="com.sallie.app.MainActivityAlias22"
194-->src\main\AndroidManifest.xml:210:13-48
195            android:enabled="false"
195-->src\main\AndroidManifest.xml:211:13-36
196            android:exported="true"
196-->src\main\AndroidManifest.xml:212:13-36
197            android:icon="@mipmap/ic_launcher22"
197-->src\main\AndroidManifest.xml:213:13-49
198            android:targetActivity="com.sallie.app.MainActivity" >
198-->src\main\AndroidManifest.xml:214:13-51
199            <intent-filter>
199-->src\main\AndroidManifest.xml:13:13-16:29
200                <action android:name="android.intent.action.MAIN" />
200-->src\main\AndroidManifest.xml:14:17-69
200-->src\main\AndroidManifest.xml:14:25-66
201
202                <category android:name="android.intent.category.LAUNCHER" />
202-->src\main\AndroidManifest.xml:15:17-77
202-->src\main\AndroidManifest.xml:15:27-74
203            </intent-filter>
204        </activity-alias>
205        <activity-alias
205-->src\main\AndroidManifest.xml:198:9-208:26
206            android:name="com.sallie.app.MainActivityAlias21"
206-->src\main\AndroidManifest.xml:199:13-48
207            android:enabled="false"
207-->src\main\AndroidManifest.xml:200:13-36
208            android:exported="true"
208-->src\main\AndroidManifest.xml:201:13-36
209            android:icon="@mipmap/ic_launcher21"
209-->src\main\AndroidManifest.xml:202:13-49
210            android:targetActivity="com.sallie.app.MainActivity" >
210-->src\main\AndroidManifest.xml:203:13-51
211            <intent-filter>
211-->src\main\AndroidManifest.xml:13:13-16:29
212                <action android:name="android.intent.action.MAIN" />
212-->src\main\AndroidManifest.xml:14:17-69
212-->src\main\AndroidManifest.xml:14:25-66
213
214                <category android:name="android.intent.category.LAUNCHER" />
214-->src\main\AndroidManifest.xml:15:17-77
214-->src\main\AndroidManifest.xml:15:27-74
215            </intent-filter>
216        </activity-alias>
217        <activity-alias
217-->src\main\AndroidManifest.xml:187:9-197:26
218            android:name="com.sallie.app.MainActivityAlias20"
218-->src\main\AndroidManifest.xml:188:13-48
219            android:enabled="false"
219-->src\main\AndroidManifest.xml:189:13-36
220            android:exported="true"
220-->src\main\AndroidManifest.xml:190:13-36
221            android:icon="@mipmap/ic_launcher20"
221-->src\main\AndroidManifest.xml:191:13-49
222            android:targetActivity="com.sallie.app.MainActivity" >
222-->src\main\AndroidManifest.xml:192:13-51
223            <intent-filter>
223-->src\main\AndroidManifest.xml:13:13-16:29
224                <action android:name="android.intent.action.MAIN" />
224-->src\main\AndroidManifest.xml:14:17-69
224-->src\main\AndroidManifest.xml:14:25-66
225
226                <category android:name="android.intent.category.LAUNCHER" />
226-->src\main\AndroidManifest.xml:15:17-77
226-->src\main\AndroidManifest.xml:15:27-74
227            </intent-filter>
228        </activity-alias>
229        <activity-alias
229-->src\main\AndroidManifest.xml:176:9-186:26
230            android:name="com.sallie.app.MainActivityAlias19"
230-->src\main\AndroidManifest.xml:177:13-48
231            android:enabled="false"
231-->src\main\AndroidManifest.xml:178:13-36
232            android:exported="true"
232-->src\main\AndroidManifest.xml:179:13-36
233            android:icon="@mipmap/ic_launcher19"
233-->src\main\AndroidManifest.xml:180:13-49
234            android:targetActivity="com.sallie.app.MainActivity" >
234-->src\main\AndroidManifest.xml:181:13-51
235            <intent-filter>
235-->src\main\AndroidManifest.xml:13:13-16:29
236                <action android:name="android.intent.action.MAIN" />
236-->src\main\AndroidManifest.xml:14:17-69
236-->src\main\AndroidManifest.xml:14:25-66
237
238                <category android:name="android.intent.category.LAUNCHER" />
238-->src\main\AndroidManifest.xml:15:17-77
238-->src\main\AndroidManifest.xml:15:27-74
239            </intent-filter>
240        </activity-alias>
241        <activity-alias
241-->src\main\AndroidManifest.xml:165:9-175:26
242            android:name="com.sallie.app.MainActivityAlias18"
242-->src\main\AndroidManifest.xml:166:13-48
243            android:enabled="false"
243-->src\main\AndroidManifest.xml:167:13-36
244            android:exported="true"
244-->src\main\AndroidManifest.xml:168:13-36
245            android:icon="@mipmap/ic_launcher18"
245-->src\main\AndroidManifest.xml:169:13-49
246            android:targetActivity="com.sallie.app.MainActivity" >
246-->src\main\AndroidManifest.xml:170:13-51
247            <intent-filter>
247-->src\main\AndroidManifest.xml:13:13-16:29
248                <action android:name="android.intent.action.MAIN" />
248-->src\main\AndroidManifest.xml:14:17-69
248-->src\main\AndroidManifest.xml:14:25-66
249
250                <category android:name="android.intent.category.LAUNCHER" />
250-->src\main\AndroidManifest.xml:15:17-77
250-->src\main\AndroidManifest.xml:15:27-74
251            </intent-filter>
252        </activity-alias>
253        <activity-alias
253-->src\main\AndroidManifest.xml:154:9-164:26
254            android:name="com.sallie.app.MainActivityAlias17"
254-->src\main\AndroidManifest.xml:155:13-48
255            android:enabled="false"
255-->src\main\AndroidManifest.xml:156:13-36
256            android:exported="true"
256-->src\main\AndroidManifest.xml:157:13-36
257            android:icon="@mipmap/ic_launcher17"
257-->src\main\AndroidManifest.xml:158:13-49
258            android:targetActivity="com.sallie.app.MainActivity" >
258-->src\main\AndroidManifest.xml:159:13-51
259            <intent-filter>
259-->src\main\AndroidManifest.xml:13:13-16:29
260                <action android:name="android.intent.action.MAIN" />
260-->src\main\AndroidManifest.xml:14:17-69
260-->src\main\AndroidManifest.xml:14:25-66
261
262                <category android:name="android.intent.category.LAUNCHER" />
262-->src\main\AndroidManifest.xml:15:17-77
262-->src\main\AndroidManifest.xml:15:27-74
263            </intent-filter>
264        </activity-alias>
265        <activity-alias
265-->src\main\AndroidManifest.xml:143:9-153:26
266            android:name="com.sallie.app.MainActivityAlias16"
266-->src\main\AndroidManifest.xml:144:13-48
267            android:enabled="false"
267-->src\main\AndroidManifest.xml:145:13-36
268            android:exported="true"
268-->src\main\AndroidManifest.xml:146:13-36
269            android:icon="@mipmap/ic_launcher16"
269-->src\main\AndroidManifest.xml:147:13-49
270            android:targetActivity="com.sallie.app.MainActivity" >
270-->src\main\AndroidManifest.xml:148:13-51
271            <intent-filter>
271-->src\main\AndroidManifest.xml:13:13-16:29
272                <action android:name="android.intent.action.MAIN" />
272-->src\main\AndroidManifest.xml:14:17-69
272-->src\main\AndroidManifest.xml:14:25-66
273
274                <category android:name="android.intent.category.LAUNCHER" />
274-->src\main\AndroidManifest.xml:15:17-77
274-->src\main\AndroidManifest.xml:15:27-74
275            </intent-filter>
276        </activity-alias>
277        <activity-alias
277-->src\main\AndroidManifest.xml:132:9-142:26
278            android:name="com.sallie.app.MainActivityAlias15"
278-->src\main\AndroidManifest.xml:133:13-48
279            android:enabled="false"
279-->src\main\AndroidManifest.xml:134:13-36
280            android:exported="true"
280-->src\main\AndroidManifest.xml:135:13-36
281            android:icon="@mipmap/ic_launcher15"
281-->src\main\AndroidManifest.xml:136:13-49
282            android:targetActivity="com.sallie.app.MainActivity" >
282-->src\main\AndroidManifest.xml:137:13-51
283            <intent-filter>
283-->src\main\AndroidManifest.xml:13:13-16:29
284                <action android:name="android.intent.action.MAIN" />
284-->src\main\AndroidManifest.xml:14:17-69
284-->src\main\AndroidManifest.xml:14:25-66
285
286                <category android:name="android.intent.category.LAUNCHER" />
286-->src\main\AndroidManifest.xml:15:17-77
286-->src\main\AndroidManifest.xml:15:27-74
287            </intent-filter>
288        </activity-alias>
289        <activity-alias
289-->src\main\AndroidManifest.xml:121:9-131:26
290            android:name="com.sallie.app.MainActivityAlias14"
290-->src\main\AndroidManifest.xml:122:13-48
291            android:enabled="false"
291-->src\main\AndroidManifest.xml:123:13-36
292            android:exported="true"
292-->src\main\AndroidManifest.xml:124:13-36
293            android:icon="@mipmap/ic_launcher14"
293-->src\main\AndroidManifest.xml:125:13-49
294            android:targetActivity="com.sallie.app.MainActivity" >
294-->src\main\AndroidManifest.xml:126:13-51
295            <intent-filter>
295-->src\main\AndroidManifest.xml:13:13-16:29
296                <action android:name="android.intent.action.MAIN" />
296-->src\main\AndroidManifest.xml:14:17-69
296-->src\main\AndroidManifest.xml:14:25-66
297
298                <category android:name="android.intent.category.LAUNCHER" />
298-->src\main\AndroidManifest.xml:15:17-77
298-->src\main\AndroidManifest.xml:15:27-74
299            </intent-filter>
300        </activity-alias>
301        <activity-alias
301-->src\main\AndroidManifest.xml:110:9-120:26
302            android:name="com.sallie.app.MainActivityAlias13"
302-->src\main\AndroidManifest.xml:111:13-48
303            android:enabled="false"
303-->src\main\AndroidManifest.xml:112:13-36
304            android:exported="true"
304-->src\main\AndroidManifest.xml:113:13-36
305            android:icon="@mipmap/ic_launcher13"
305-->src\main\AndroidManifest.xml:114:13-49
306            android:targetActivity="com.sallie.app.MainActivity" >
306-->src\main\AndroidManifest.xml:115:13-51
307            <intent-filter>
307-->src\main\AndroidManifest.xml:13:13-16:29
308                <action android:name="android.intent.action.MAIN" />
308-->src\main\AndroidManifest.xml:14:17-69
308-->src\main\AndroidManifest.xml:14:25-66
309
310                <category android:name="android.intent.category.LAUNCHER" />
310-->src\main\AndroidManifest.xml:15:17-77
310-->src\main\AndroidManifest.xml:15:27-74
311            </intent-filter>
312        </activity-alias>
313        <activity-alias
313-->src\main\AndroidManifest.xml:99:9-109:26
314            android:name="com.sallie.app.MainActivityAlias12"
314-->src\main\AndroidManifest.xml:100:13-48
315            android:enabled="false"
315-->src\main\AndroidManifest.xml:101:13-36
316            android:exported="true"
316-->src\main\AndroidManifest.xml:102:13-36
317            android:icon="@mipmap/ic_launcher12"
317-->src\main\AndroidManifest.xml:103:13-49
318            android:targetActivity="com.sallie.app.MainActivity" >
318-->src\main\AndroidManifest.xml:104:13-51
319            <intent-filter>
319-->src\main\AndroidManifest.xml:13:13-16:29
320                <action android:name="android.intent.action.MAIN" />
320-->src\main\AndroidManifest.xml:14:17-69
320-->src\main\AndroidManifest.xml:14:25-66
321
322                <category android:name="android.intent.category.LAUNCHER" />
322-->src\main\AndroidManifest.xml:15:17-77
322-->src\main\AndroidManifest.xml:15:27-74
323            </intent-filter>
324        </activity-alias> <!-- ...repeat for 35 aliases... -->
325        <activity-alias
325-->src\main\AndroidManifest.xml:88:9-98:26
326            android:name="com.sallie.app.MainActivityAlias11"
326-->src\main\AndroidManifest.xml:89:13-48
327            android:enabled="false"
327-->src\main\AndroidManifest.xml:90:13-36
328            android:exported="true"
328-->src\main\AndroidManifest.xml:91:13-36
329            android:icon="@mipmap/ic_launcher11"
329-->src\main\AndroidManifest.xml:92:13-49
330            android:targetActivity="com.sallie.app.MainActivity" >
330-->src\main\AndroidManifest.xml:93:13-51
331            <intent-filter>
331-->src\main\AndroidManifest.xml:13:13-16:29
332                <action android:name="android.intent.action.MAIN" />
332-->src\main\AndroidManifest.xml:14:17-69
332-->src\main\AndroidManifest.xml:14:25-66
333
334                <category android:name="android.intent.category.LAUNCHER" />
334-->src\main\AndroidManifest.xml:15:17-77
334-->src\main\AndroidManifest.xml:15:27-74
335            </intent-filter>
336        </activity-alias>
337        <activity-alias
337-->src\main\AndroidManifest.xml:81:9-86:26
338            android:name="com.sallie.app.MainActivityAlias10"
338-->src\main\AndroidManifest.xml:81:25-60
339            android:enabled="false"
339-->src\main\AndroidManifest.xml:81:61-84
340            android:exported="true"
340-->src\main\AndroidManifest.xml:81:85-108
341            android:icon="@mipmap/ic_launcher10"
341-->src\main\AndroidManifest.xml:81:109-145
342            android:targetActivity="com.sallie.app.MainActivity" >
342-->src\main\AndroidManifest.xml:81:146-184
343            <intent-filter>
343-->src\main\AndroidManifest.xml:13:13-16:29
344                <action android:name="android.intent.action.MAIN" />
344-->src\main\AndroidManifest.xml:14:17-69
344-->src\main\AndroidManifest.xml:14:25-66
345
346                <category android:name="android.intent.category.LAUNCHER" />
346-->src\main\AndroidManifest.xml:15:17-77
346-->src\main\AndroidManifest.xml:15:27-74
347            </intent-filter>
348        </activity-alias>
349        <activity-alias
349-->src\main\AndroidManifest.xml:75:9-80:26
350            android:name="com.sallie.app.MainActivityAlias9"
350-->src\main\AndroidManifest.xml:75:25-59
351            android:enabled="false"
351-->src\main\AndroidManifest.xml:75:60-83
352            android:exported="true"
352-->src\main\AndroidManifest.xml:75:84-107
353            android:icon="@mipmap/ic_launcher9"
353-->src\main\AndroidManifest.xml:75:108-143
354            android:targetActivity="com.sallie.app.MainActivity" >
354-->src\main\AndroidManifest.xml:75:144-182
355            <intent-filter>
355-->src\main\AndroidManifest.xml:13:13-16:29
356                <action android:name="android.intent.action.MAIN" />
356-->src\main\AndroidManifest.xml:14:17-69
356-->src\main\AndroidManifest.xml:14:25-66